Feature: Urban Space Dynamics Prediction # features/model_training.feature:3

  Background:   # features/model_training.feature:10

  Scenario Outline: Training a predictive model with spatial data -- @1.1                                            # features/model_training.feature:19
    Given a dataset of georeferenced geometries within Metro Vancouver Regional District                             # features/steps/model_training_steps.py:58
      Traceback (most recent call last):
        File "/Users/nicholasmartino/Code/spider-weaver/venv/lib/python3.11/site-packages/behave/model.py", line 1329, in run
          match.run(runner.context)
        File "/Users/nicholasmartino/Code/spider-weaver/venv/lib/python3.11/site-packages/behave/matchers.py", line 98, in run
          self.func(context, *args, **kwargs)
        File "features/steps/model_training_steps.py", line 71, in step_impl
          copy_gcs_path(city_id)
        File "features/steps/model_training_steps.py", line 41, in copy_gcs_path
          blobs: List[Blob] = list(bucket.list_blobs())
                              ^^^^^^^^^^^^^^^^^^^^^^^^^
        File "/Users/nicholasmartino/Code/spider-weaver/venv/lib/python3.11/site-packages/google/api_core/page_iterator.py", line 208, in _items_iter
          for page in self._page_iter(increment=False):
        File "/Users/nicholasmartino/Code/spider-weaver/venv/lib/python3.11/site-packages/google/api_core/page_iterator.py", line 244, in _page_iter
          page = self._next_page()
                 ^^^^^^^^^^^^^^^^^
        File "/Users/nicholasmartino/Code/spider-weaver/venv/lib/python3.11/site-packages/google/api_core/page_iterator.py", line 373, in _next_page
          response = self._get_next_page_response()
                     ^^^^^^^^^^^^^^^^^^^^^^^^^^^^^^
        File "/Users/nicholasmartino/Code/spider-weaver/venv/lib/python3.11/site-packages/google/api_core/page_iterator.py", line 432, in _get_next_page_response
          return self.api_request(
                 ^^^^^^^^^^^^^^^^^
        File "/Users/nicholasmartino/Code/spider-weaver/venv/lib/python3.11/site-packages/google/cloud/storage/_http.py", line 90, in api_request
          return call()
                 ^^^^^^
        File "/Users/nicholasmartino/Code/spider-weaver/venv/lib/python3.11/site-packages/google/api_core/retry/retry_unary.py", line 293, in retry_wrapped_func
          return retry_target(
                 ^^^^^^^^^^^^^
        File "/Users/nicholasmartino/Code/spider-weaver/venv/lib/python3.11/site-packages/google/api_core/retry/retry_unary.py", line 153, in retry_target
          _retry_error_helper(
        File "/Users/nicholasmartino/Code/spider-weaver/venv/lib/python3.11/site-packages/google/api_core/retry/retry_base.py", line 212, in _retry_error_helper
          raise final_exc from source_exc
        File "/Users/nicholasmartino/Code/spider-weaver/venv/lib/python3.11/site-packages/google/api_core/retry/retry_unary.py", line 144, in retry_target
          result = target()
                   ^^^^^^^^
        File "/Users/nicholasmartino/Code/spider-weaver/venv/lib/python3.11/site-packages/google/cloud/_http/__init__.py", line 494, in api_request
          raise exceptions.from_http_response(response)
      google.api_core.exceptions.NotFound: 404 GET https://storage.googleapis.com/storage/v1/b/gs://metro-vancouver-regional-district/o?projection=noAcl&prettyPrint=false: Not Found

    When the dataset includes valid quantitative and georeferenced data                                              # None
    Then use 80% of the available data to train a random forest model to predict walkability_r1600_sum_flat variable # None

  Scenario Outline: Training a predictive model with spatial data -- @1.2                                           # features/model_training.feature:20
    Given a dataset of georeferenced geometries within Metro Vancouver Regional District                            # features/steps/model_training_steps.py:58
      Traceback (most recent call last):
        File "/Users/nicholasmartino/Code/spider-weaver/venv/lib/python3.11/site-packages/behave/model.py", line 1329, in run
          match.run(runner.context)
        File "/Users/nicholasmartino/Code/spider-weaver/venv/lib/python3.11/site-packages/behave/matchers.py", line 98, in run
          self.func(context, *args, **kwargs)
        File "features/steps/model_training_steps.py", line 71, in step_impl
          copy_gcs_path(city_id)
        File "features/steps/model_training_steps.py", line 41, in copy_gcs_path
          blobs: List[Blob] = list(bucket.list_blobs())
                              ^^^^^^^^^^^^^^^^^^^^^^^^^
        File "/Users/nicholasmartino/Code/spider-weaver/venv/lib/python3.11/site-packages/google/api_core/page_iterator.py", line 208, in _items_iter
          for page in self._page_iter(increment=False):
        File "/Users/nicholasmartino/Code/spider-weaver/venv/lib/python3.11/site-packages/google/api_core/page_iterator.py", line 244, in _page_iter
          page = self._next_page()
                 ^^^^^^^^^^^^^^^^^
        File "/Users/nicholasmartino/Code/spider-weaver/venv/lib/python3.11/site-packages/google/api_core/page_iterator.py", line 373, in _next_page
          response = self._get_next_page_response()
                     ^^^^^^^^^^^^^^^^^^^^^^^^^^^^^^
        File "/Users/nicholasmartino/Code/spider-weaver/venv/lib/python3.11/site-packages/google/api_core/page_iterator.py", line 432, in _get_next_page_response
          return self.api_request(
                 ^^^^^^^^^^^^^^^^^
        File "/Users/nicholasmartino/Code/spider-weaver/venv/lib/python3.11/site-packages/google/cloud/storage/_http.py", line 90, in api_request
          return call()
                 ^^^^^^
        File "/Users/nicholasmartino/Code/spider-weaver/venv/lib/python3.11/site-packages/google/api_core/retry/retry_unary.py", line 293, in retry_wrapped_func
          return retry_target(
                 ^^^^^^^^^^^^^
        File "/Users/nicholasmartino/Code/spider-weaver/venv/lib/python3.11/site-packages/google/api_core/retry/retry_unary.py", line 153, in retry_target
          _retry_error_helper(
        File "/Users/nicholasmartino/Code/spider-weaver/venv/lib/python3.11/site-packages/google/api_core/retry/retry_base.py", line 212, in _retry_error_helper
          raise final_exc from source_exc
        File "/Users/nicholasmartino/Code/spider-weaver/venv/lib/python3.11/site-packages/google/api_core/retry/retry_unary.py", line 144, in retry_target
          result = target()
                   ^^^^^^^^
        File "/Users/nicholasmartino/Code/spider-weaver/venv/lib/python3.11/site-packages/google/cloud/_http/__init__.py", line 494, in api_request
          raise exceptions.from_http_response(response)
      google.api_core.exceptions.NotFound: 404 GET https://storage.googleapis.com/storage/v1/b/gs://metro-vancouver-regional-district/o?projection=noAcl&prettyPrint=false: Not Found

    When the dataset includes valid quantitative and georeferenced data                                             # None
    Then use 80% of the available data to train a random forest model to predict rent_price_r1600_ave_flat variable # None

